<?xml version="1.0" encoding="UTF-8"?>
<testsuite xmlns:xsi="http://www.w3.org/2001/XMLSchema-instance" xsi:noNamespaceSchemaLocation="https://maven.apache.org/surefire/maven-surefire-plugin/xsd/surefire-test-report.xsd" name="io.liji.ycycqwedding.YcycqweddingApplicationTests" time="2.395" tests="1" errors="0" skipped="0" failures="0">
  <properties>
    <property name="gopherProxySet" value="false"/>
    <property name="awt.toolkit" value="sun.lwawt.macosx.LWCToolkit"/>
    <property name="file.encoding.pkg" value="sun.io"/>
    <property name="java.specification.version" value="1.8"/>
    <property name="sun.cpu.isalist" value=""/>
    <property name="sun.jnu.encoding" value="UTF-8"/>
    <property name="java.class.path" value="/Users/jili/practice/ycycqwedding/target/test-classes:/Users/jili/practice/ycycqwedding/target/classes:/Users/jili/.m2/repository/org/springframework/boot/spring-boot-starter-web/2.0.4.RELEASE/spring-boot-starter-web-2.0.4.RELEASE.jar:/Users/jili/.m2/repository/org/springframework/boot/spring-boot-starter/2.0.4.RELEASE/spring-boot-starter-2.0.4.RELEASE.jar:/Users/jili/.m2/repository/org/springframework/boot/spring-boot/2.0.4.RELEASE/spring-boot-2.0.4.RELEASE.jar:/Users/jili/.m2/repository/org/springframework/boot/spring-boot-autoconfigure/2.0.4.RELEASE/spring-boot-autoconfigure-2.0.4.RELEASE.jar:/Users/jili/.m2/repository/org/springframework/boot/spring-boot-starter-logging/2.0.4.RELEASE/spring-boot-starter-logging-2.0.4.RELEASE.jar:/Users/jili/.m2/repository/ch/qos/logback/logback-classic/1.2.3/logback-classic-1.2.3.jar:/Users/jili/.m2/repository/ch/qos/logback/logback-core/1.2.3/logback-core-1.2.3.jar:/Users/jili/.m2/repository/org/apache/logging/log4j/log4j-to-slf4j/2.10.0/log4j-to-slf4j-2.10.0.jar:/Users/jili/.m2/repository/org/apache/logging/log4j/log4j-api/2.10.0/log4j-api-2.10.0.jar:/Users/jili/.m2/repository/org/slf4j/jul-to-slf4j/1.7.25/jul-to-slf4j-1.7.25.jar:/Users/jili/.m2/repository/javax/annotation/javax.annotation-api/1.3.2/javax.annotation-api-1.3.2.jar:/Users/jili/.m2/repository/org/yaml/snakeyaml/1.19/snakeyaml-1.19.jar:/Users/jili/.m2/repository/org/springframework/boot/spring-boot-starter-json/2.0.4.RELEASE/spring-boot-starter-json-2.0.4.RELEASE.jar:/Users/jili/.m2/repository/com/fasterxml/jackson/core/jackson-databind/2.9.6/jackson-databind-2.9.6.jar:/Users/jili/.m2/repository/com/fasterxml/jackson/core/jackson-annotations/2.9.0/jackson-annotations-2.9.0.jar:/Users/jili/.m2/repository/com/fasterxml/jackson/core/jackson-core/2.9.6/jackson-core-2.9.6.jar:/Users/jili/.m2/repository/com/fasterxml/jackson/datatype/jackson-datatype-jdk8/2.9.6/jackson-datatype-jdk8-2.9.6.jar:/Users/jili/.m2/repository/com/fasterxml/jackson/datatype/jackson-datatype-jsr310/2.9.6/jackson-datatype-jsr310-2.9.6.jar:/Users/jili/.m2/repository/com/fasterxml/jackson/module/jackson-module-parameter-names/2.9.6/jackson-module-parameter-names-2.9.6.jar:/Users/jili/.m2/repository/org/springframework/boot/spring-boot-starter-tomcat/2.0.4.RELEASE/spring-boot-starter-tomcat-2.0.4.RELEASE.jar:/Users/jili/.m2/repository/org/apache/tomcat/embed/tomcat-embed-core/8.5.32/tomcat-embed-core-8.5.32.jar:/Users/jili/.m2/repository/org/apache/tomcat/embed/tomcat-embed-el/8.5.32/tomcat-embed-el-8.5.32.jar:/Users/jili/.m2/repository/org/apache/tomcat/embed/tomcat-embed-websocket/8.5.32/tomcat-embed-websocket-8.5.32.jar:/Users/jili/.m2/repository/org/hibernate/validator/hibernate-validator/6.0.11.Final/hibernate-validator-6.0.11.Final.jar:/Users/jili/.m2/repository/javax/validation/validation-api/2.0.1.Final/validation-api-2.0.1.Final.jar:/Users/jili/.m2/repository/org/jboss/logging/jboss-logging/3.3.2.Final/jboss-logging-3.3.2.Final.jar:/Users/jili/.m2/repository/com/fasterxml/classmate/1.3.4/classmate-1.3.4.jar:/Users/jili/.m2/repository/org/springframework/spring-web/5.0.8.RELEASE/spring-web-5.0.8.RELEASE.jar:/Users/jili/.m2/repository/org/springframework/spring-beans/5.0.8.RELEASE/spring-beans-5.0.8.RELEASE.jar:/Users/jili/.m2/repository/org/springframework/spring-webmvc/5.0.8.RELEASE/spring-webmvc-5.0.8.RELEASE.jar:/Users/jili/.m2/repository/org/springframework/spring-aop/5.0.8.RELEASE/spring-aop-5.0.8.RELEASE.jar:/Users/jili/.m2/repository/org/springframework/spring-context/5.0.8.RELEASE/spring-context-5.0.8.RELEASE.jar:/Users/jili/.m2/repository/org/springframework/spring-expression/5.0.8.RELEASE/spring-expression-5.0.8.RELEASE.jar:/Users/jili/.m2/repository/org/springframework/boot/spring-boot-starter-jetty/2.0.4.RELEASE/spring-boot-starter-jetty-2.0.4.RELEASE.jar:/Users/jili/.m2/repository/org/eclipse/jetty/jetty-servlets/9.4.11.v20180605/jetty-servlets-9.4.11.v20180605.jar:/Users/jili/.m2/repository/org/eclipse/jetty/jetty-continuation/9.4.11.v20180605/jetty-continuation-9.4.11.v20180605.jar:/Users/jili/.m2/repository/org/eclipse/jetty/jetty-http/9.4.11.v20180605/jetty-http-9.4.11.v20180605.jar:/Users/jili/.m2/repository/org/eclipse/jetty/jetty-util/9.4.11.v20180605/jetty-util-9.4.11.v20180605.jar:/Users/jili/.m2/repository/org/eclipse/jetty/jetty-io/9.4.11.v20180605/jetty-io-9.4.11.v20180605.jar:/Users/jili/.m2/repository/org/eclipse/jetty/jetty-webapp/9.4.11.v20180605/jetty-webapp-9.4.11.v20180605.jar:/Users/jili/.m2/repository/org/eclipse/jetty/jetty-xml/9.4.11.v20180605/jetty-xml-9.4.11.v20180605.jar:/Users/jili/.m2/repository/org/eclipse/jetty/jetty-servlet/9.4.11.v20180605/jetty-servlet-9.4.11.v20180605.jar:/Users/jili/.m2/repository/org/eclipse/jetty/jetty-security/9.4.11.v20180605/jetty-security-9.4.11.v20180605.jar:/Users/jili/.m2/repository/org/eclipse/jetty/jetty-server/9.4.11.v20180605/jetty-server-9.4.11.v20180605.jar:/Users/jili/.m2/repository/org/eclipse/jetty/websocket/websocket-server/9.4.11.v20180605/websocket-server-9.4.11.v20180605.jar:/Users/jili/.m2/repository/org/eclipse/jetty/websocket/websocket-common/9.4.11.v20180605/websocket-common-9.4.11.v20180605.jar:/Users/jili/.m2/repository/org/eclipse/jetty/websocket/websocket-api/9.4.11.v20180605/websocket-api-9.4.11.v20180605.jar:/Users/jili/.m2/repository/org/eclipse/jetty/websocket/websocket-client/9.4.11.v20180605/websocket-client-9.4.11.v20180605.jar:/Users/jili/.m2/repository/org/eclipse/jetty/jetty-client/9.4.11.v20180605/jetty-client-9.4.11.v20180605.jar:/Users/jili/.m2/repository/org/eclipse/jetty/websocket/websocket-servlet/9.4.11.v20180605/websocket-servlet-9.4.11.v20180605.jar:/Users/jili/.m2/repository/javax/servlet/javax.servlet-api/3.1.0/javax.servlet-api-3.1.0.jar:/Users/jili/.m2/repository/org/eclipse/jetty/websocket/javax-websocket-server-impl/9.4.11.v20180605/javax-websocket-server-impl-9.4.11.v20180605.jar:/Users/jili/.m2/repository/org/eclipse/jetty/jetty-annotations/9.4.11.v20180605/jetty-annotations-9.4.11.v20180605.jar:/Users/jili/.m2/repository/org/eclipse/jetty/jetty-plus/9.4.11.v20180605/jetty-plus-9.4.11.v20180605.jar:/Users/jili/.m2/repository/org/ow2/asm/asm/6.2/asm-6.2.jar:/Users/jili/.m2/repository/org/ow2/asm/asm-commons/6.2/asm-commons-6.2.jar:/Users/jili/.m2/repository/org/ow2/asm/asm-tree/6.2/asm-tree-6.2.jar:/Users/jili/.m2/repository/org/ow2/asm/asm-analysis/6.2/asm-analysis-6.2.jar:/Users/jili/.m2/repository/org/eclipse/jetty/websocket/javax-websocket-client-impl/9.4.11.v20180605/javax-websocket-client-impl-9.4.11.v20180605.jar:/Users/jili/.m2/repository/javax/websocket/javax.websocket-api/1.0/javax.websocket-api-1.0.jar:/Users/jili/.m2/repository/org/mortbay/jasper/apache-el/8.5.24.2/apache-el-8.5.24.2.jar:/Users/jili/.m2/repository/org/springframework/boot/spring-boot-starter-test/2.0.4.RELEASE/spring-boot-starter-test-2.0.4.RELEASE.jar:/Users/jili/.m2/repository/org/springframework/boot/spring-boot-test/2.0.4.RELEASE/spring-boot-test-2.0.4.RELEASE.jar:/Users/jili/.m2/repository/org/springframework/boot/spring-boot-test-autoconfigure/2.0.4.RELEASE/spring-boot-test-autoconfigure-2.0.4.RELEASE.jar:/Users/jili/.m2/repository/com/jayway/jsonpath/json-path/2.4.0/json-path-2.4.0.jar:/Users/jili/.m2/repository/net/minidev/json-smart/2.3/json-smart-2.3.jar:/Users/jili/.m2/repository/net/minidev/accessors-smart/1.2/accessors-smart-1.2.jar:/Users/jili/.m2/repository/org/slf4j/slf4j-api/1.7.25/slf4j-api-1.7.25.jar:/Users/jili/.m2/repository/junit/junit/4.12/junit-4.12.jar:/Users/jili/.m2/repository/org/assertj/assertj-core/3.9.1/assertj-core-3.9.1.jar:/Users/jili/.m2/repository/org/mockito/mockito-core/2.15.0/mockito-core-2.15.0.jar:/Users/jili/.m2/repository/net/bytebuddy/byte-buddy/1.7.11/byte-buddy-1.7.11.jar:/Users/jili/.m2/repository/net/bytebuddy/byte-buddy-agent/1.7.11/byte-buddy-agent-1.7.11.jar:/Users/jili/.m2/repository/org/objenesis/objenesis/2.6/objenesis-2.6.jar:/Users/jili/.m2/repository/org/hamcrest/hamcrest-core/1.3/hamcrest-core-1.3.jar:/Users/jili/.m2/repository/org/hamcrest/hamcrest-library/1.3/hamcrest-library-1.3.jar:/Users/jili/.m2/repository/org/skyscreamer/jsonassert/1.5.0/jsonassert-1.5.0.jar:/Users/jili/.m2/repository/com/vaadin/external/google/android-json/0.0.20131108.vaadin1/android-json-0.0.20131108.vaadin1.jar:/Users/jili/.m2/repository/org/springframework/spring-core/5.0.8.RELEASE/spring-core-5.0.8.RELEASE.jar:/Users/jili/.m2/repository/org/springframework/spring-jcl/5.0.8.RELEASE/spring-jcl-5.0.8.RELEASE.jar:/Users/jili/.m2/repository/org/springframework/spring-test/5.0.8.RELEASE/spring-test-5.0.8.RELEASE.jar:/Users/jili/.m2/repository/org/xmlunit/xmlunit-core/2.5.1/xmlunit-core-2.5.1.jar:/Users/jili/.m2/repository/org/apache/httpcomponents/httpclient/4.5.6/httpclient-4.5.6.jar:/Users/jili/.m2/repository/org/apache/httpcomponents/httpcore/4.4.10/httpcore-4.4.10.jar:/Users/jili/.m2/repository/commons-codec/commons-codec/1.11/commons-codec-1.11.jar:"/>
    <property name="java.vm.vendor" value="Oracle Corporation"/>
    <property name="sun.arch.data.model" value="64"/>
    <property name="java.vendor.url" value="http://java.oracle.com/"/>
    <property name="user.timezone" value=""/>
    <property name="java.vm.specification.version" value="1.8"/>
    <property name="os.name" value="Mac OS X"/>
    <property name="user.country" value="CN"/>
    <property name="sun.java.launcher" value="SUN_STANDARD"/>
    <property name="sun.boot.library.path" value="/Library/Java/JavaVirtualMachines/jdk1.8.0_121.jdk/Contents/Home/jre/lib"/>
    <property name="sun.java.command" value="/Users/jili/practice/ycycqwedding/target/surefire/surefirebooter4932396979745464695.jar /Users/jili/practice/ycycqwedding/target/surefire 2018-08-20T20-57-40_327-jvmRun1 surefire7425985417694258454tmp surefire_01168193461799754191tmp"/>
    <property name="surefire.test.class.path" value="/Users/jili/practice/ycycqwedding/target/test-classes:/Users/jili/practice/ycycqwedding/target/classes:/Users/jili/.m2/repository/org/springframework/boot/spring-boot-starter-web/2.0.4.RELEASE/spring-boot-starter-web-2.0.4.RELEASE.jar:/Users/jili/.m2/repository/org/springframework/boot/spring-boot-starter/2.0.4.RELEASE/spring-boot-starter-2.0.4.RELEASE.jar:/Users/jili/.m2/repository/org/springframework/boot/spring-boot/2.0.4.RELEASE/spring-boot-2.0.4.RELEASE.jar:/Users/jili/.m2/repository/org/springframework/boot/spring-boot-autoconfigure/2.0.4.RELEASE/spring-boot-autoconfigure-2.0.4.RELEASE.jar:/Users/jili/.m2/repository/org/springframework/boot/spring-boot-starter-logging/2.0.4.RELEASE/spring-boot-starter-logging-2.0.4.RELEASE.jar:/Users/jili/.m2/repository/ch/qos/logback/logback-classic/1.2.3/logback-classic-1.2.3.jar:/Users/jili/.m2/repository/ch/qos/logback/logback-core/1.2.3/logback-core-1.2.3.jar:/Users/jili/.m2/repository/org/apache/logging/log4j/log4j-to-slf4j/2.10.0/log4j-to-slf4j-2.10.0.jar:/Users/jili/.m2/repository/org/apache/logging/log4j/log4j-api/2.10.0/log4j-api-2.10.0.jar:/Users/jili/.m2/repository/org/slf4j/jul-to-slf4j/1.7.25/jul-to-slf4j-1.7.25.jar:/Users/jili/.m2/repository/javax/annotation/javax.annotation-api/1.3.2/javax.annotation-api-1.3.2.jar:/Users/jili/.m2/repository/org/yaml/snakeyaml/1.19/snakeyaml-1.19.jar:/Users/jili/.m2/repository/org/springframework/boot/spring-boot-starter-json/2.0.4.RELEASE/spring-boot-starter-json-2.0.4.RELEASE.jar:/Users/jili/.m2/repository/com/fasterxml/jackson/core/jackson-databind/2.9.6/jackson-databind-2.9.6.jar:/Users/jili/.m2/repository/com/fasterxml/jackson/core/jackson-annotations/2.9.0/jackson-annotations-2.9.0.jar:/Users/jili/.m2/repository/com/fasterxml/jackson/core/jackson-core/2.9.6/jackson-core-2.9.6.jar:/Users/jili/.m2/repository/com/fasterxml/jackson/datatype/jackson-datatype-jdk8/2.9.6/jackson-datatype-jdk8-2.9.6.jar:/Users/jili/.m2/repository/com/fasterxml/jackson/datatype/jackson-datatype-jsr310/2.9.6/jackson-datatype-jsr310-2.9.6.jar:/Users/jili/.m2/repository/com/fasterxml/jackson/module/jackson-module-parameter-names/2.9.6/jackson-module-parameter-names-2.9.6.jar:/Users/jili/.m2/repository/org/springframework/boot/spring-boot-starter-tomcat/2.0.4.RELEASE/spring-boot-starter-tomcat-2.0.4.RELEASE.jar:/Users/jili/.m2/repository/org/apache/tomcat/embed/tomcat-embed-core/8.5.32/tomcat-embed-core-8.5.32.jar:/Users/jili/.m2/repository/org/apache/tomcat/embed/tomcat-embed-el/8.5.32/tomcat-embed-el-8.5.32.jar:/Users/jili/.m2/repository/org/apache/tomcat/embed/tomcat-embed-websocket/8.5.32/tomcat-embed-websocket-8.5.32.jar:/Users/jili/.m2/repository/org/hibernate/validator/hibernate-validator/6.0.11.Final/hibernate-validator-6.0.11.Final.jar:/Users/jili/.m2/repository/javax/validation/validation-api/2.0.1.Final/validation-api-2.0.1.Final.jar:/Users/jili/.m2/repository/org/jboss/logging/jboss-logging/3.3.2.Final/jboss-logging-3.3.2.Final.jar:/Users/jili/.m2/repository/com/fasterxml/classmate/1.3.4/classmate-1.3.4.jar:/Users/jili/.m2/repository/org/springframework/spring-web/5.0.8.RELEASE/spring-web-5.0.8.RELEASE.jar:/Users/jili/.m2/repository/org/springframework/spring-beans/5.0.8.RELEASE/spring-beans-5.0.8.RELEASE.jar:/Users/jili/.m2/repository/org/springframework/spring-webmvc/5.0.8.RELEASE/spring-webmvc-5.0.8.RELEASE.jar:/Users/jili/.m2/repository/org/springframework/spring-aop/5.0.8.RELEASE/spring-aop-5.0.8.RELEASE.jar:/Users/jili/.m2/repository/org/springframework/spring-context/5.0.8.RELEASE/spring-context-5.0.8.RELEASE.jar:/Users/jili/.m2/repository/org/springframework/spring-expression/5.0.8.RELEASE/spring-expression-5.0.8.RELEASE.jar:/Users/jili/.m2/repository/org/springframework/boot/spring-boot-starter-jetty/2.0.4.RELEASE/spring-boot-starter-jetty-2.0.4.RELEASE.jar:/Users/jili/.m2/repository/org/eclipse/jetty/jetty-servlets/9.4.11.v20180605/jetty-servlets-9.4.11.v20180605.jar:/Users/jili/.m2/repository/org/eclipse/jetty/jetty-continuation/9.4.11.v20180605/jetty-continuation-9.4.11.v20180605.jar:/Users/jili/.m2/repository/org/eclipse/jetty/jetty-http/9.4.11.v20180605/jetty-http-9.4.11.v20180605.jar:/Users/jili/.m2/repository/org/eclipse/jetty/jetty-util/9.4.11.v20180605/jetty-util-9.4.11.v20180605.jar:/Users/jili/.m2/repository/org/eclipse/jetty/jetty-io/9.4.11.v20180605/jetty-io-9.4.11.v20180605.jar:/Users/jili/.m2/repository/org/eclipse/jetty/jetty-webapp/9.4.11.v20180605/jetty-webapp-9.4.11.v20180605.jar:/Users/jili/.m2/repository/org/eclipse/jetty/jetty-xml/9.4.11.v20180605/jetty-xml-9.4.11.v20180605.jar:/Users/jili/.m2/repository/org/eclipse/jetty/jetty-servlet/9.4.11.v20180605/jetty-servlet-9.4.11.v20180605.jar:/Users/jili/.m2/repository/org/eclipse/jetty/jetty-security/9.4.11.v20180605/jetty-security-9.4.11.v20180605.jar:/Users/jili/.m2/repository/org/eclipse/jetty/jetty-server/9.4.11.v20180605/jetty-server-9.4.11.v20180605.jar:/Users/jili/.m2/repository/org/eclipse/jetty/websocket/websocket-server/9.4.11.v20180605/websocket-server-9.4.11.v20180605.jar:/Users/jili/.m2/repository/org/eclipse/jetty/websocket/websocket-common/9.4.11.v20180605/websocket-common-9.4.11.v20180605.jar:/Users/jili/.m2/repository/org/eclipse/jetty/websocket/websocket-api/9.4.11.v20180605/websocket-api-9.4.11.v20180605.jar:/Users/jili/.m2/repository/org/eclipse/jetty/websocket/websocket-client/9.4.11.v20180605/websocket-client-9.4.11.v20180605.jar:/Users/jili/.m2/repository/org/eclipse/jetty/jetty-client/9.4.11.v20180605/jetty-client-9.4.11.v20180605.jar:/Users/jili/.m2/repository/org/eclipse/jetty/websocket/websocket-servlet/9.4.11.v20180605/websocket-servlet-9.4.11.v20180605.jar:/Users/jili/.m2/repository/javax/servlet/javax.servlet-api/3.1.0/javax.servlet-api-3.1.0.jar:/Users/jili/.m2/repository/org/eclipse/jetty/websocket/javax-websocket-server-impl/9.4.11.v20180605/javax-websocket-server-impl-9.4.11.v20180605.jar:/Users/jili/.m2/repository/org/eclipse/jetty/jetty-annotations/9.4.11.v20180605/jetty-annotations-9.4.11.v20180605.jar:/Users/jili/.m2/repository/org/eclipse/jetty/jetty-plus/9.4.11.v20180605/jetty-plus-9.4.11.v20180605.jar:/Users/jili/.m2/repository/org/ow2/asm/asm/6.2/asm-6.2.jar:/Users/jili/.m2/repository/org/ow2/asm/asm-commons/6.2/asm-commons-6.2.jar:/Users/jili/.m2/repository/org/ow2/asm/asm-tree/6.2/asm-tree-6.2.jar:/Users/jili/.m2/repository/org/ow2/asm/asm-analysis/6.2/asm-analysis-6.2.jar:/Users/jili/.m2/repository/org/eclipse/jetty/websocket/javax-websocket-client-impl/9.4.11.v20180605/javax-websocket-client-impl-9.4.11.v20180605.jar:/Users/jili/.m2/repository/javax/websocket/javax.websocket-api/1.0/javax.websocket-api-1.0.jar:/Users/jili/.m2/repository/org/mortbay/jasper/apache-el/8.5.24.2/apache-el-8.5.24.2.jar:/Users/jili/.m2/repository/org/springframework/boot/spring-boot-starter-test/2.0.4.RELEASE/spring-boot-starter-test-2.0.4.RELEASE.jar:/Users/jili/.m2/repository/org/springframework/boot/spring-boot-test/2.0.4.RELEASE/spring-boot-test-2.0.4.RELEASE.jar:/Users/jili/.m2/repository/org/springframework/boot/spring-boot-test-autoconfigure/2.0.4.RELEASE/spring-boot-test-autoconfigure-2.0.4.RELEASE.jar:/Users/jili/.m2/repository/com/jayway/jsonpath/json-path/2.4.0/json-path-2.4.0.jar:/Users/jili/.m2/repository/net/minidev/json-smart/2.3/json-smart-2.3.jar:/Users/jili/.m2/repository/net/minidev/accessors-smart/1.2/accessors-smart-1.2.jar:/Users/jili/.m2/repository/org/slf4j/slf4j-api/1.7.25/slf4j-api-1.7.25.jar:/Users/jili/.m2/repository/junit/junit/4.12/junit-4.12.jar:/Users/jili/.m2/repository/org/assertj/assertj-core/3.9.1/assertj-core-3.9.1.jar:/Users/jili/.m2/repository/org/mockito/mockito-core/2.15.0/mockito-core-2.15.0.jar:/Users/jili/.m2/repository/net/bytebuddy/byte-buddy/1.7.11/byte-buddy-1.7.11.jar:/Users/jili/.m2/repository/net/bytebuddy/byte-buddy-agent/1.7.11/byte-buddy-agent-1.7.11.jar:/Users/jili/.m2/repository/org/objenesis/objenesis/2.6/objenesis-2.6.jar:/Users/jili/.m2/repository/org/hamcrest/hamcrest-core/1.3/hamcrest-core-1.3.jar:/Users/jili/.m2/repository/org/hamcrest/hamcrest-library/1.3/hamcrest-library-1.3.jar:/Users/jili/.m2/repository/org/skyscreamer/jsonassert/1.5.0/jsonassert-1.5.0.jar:/Users/jili/.m2/repository/com/vaadin/external/google/android-json/0.0.20131108.vaadin1/android-json-0.0.20131108.vaadin1.jar:/Users/jili/.m2/repository/org/springframework/spring-core/5.0.8.RELEASE/spring-core-5.0.8.RELEASE.jar:/Users/jili/.m2/repository/org/springframework/spring-jcl/5.0.8.RELEASE/spring-jcl-5.0.8.RELEASE.jar:/Users/jili/.m2/repository/org/springframework/spring-test/5.0.8.RELEASE/spring-test-5.0.8.RELEASE.jar:/Users/jili/.m2/repository/org/xmlunit/xmlunit-core/2.5.1/xmlunit-core-2.5.1.jar:/Users/jili/.m2/repository/org/apache/httpcomponents/httpclient/4.5.6/httpclient-4.5.6.jar:/Users/jili/.m2/repository/org/apache/httpcomponents/httpcore/4.4.10/httpcore-4.4.10.jar:/Users/jili/.m2/repository/commons-codec/commons-codec/1.11/commons-codec-1.11.jar:"/>
    <property name="sun.cpu.endian" value="little"/>
    <property name="user.home" value="/Users/jili"/>
    <property name="user.language" value="zh"/>
    <property name="java.specification.vendor" value="Oracle Corporation"/>
    <property name="java.home" value="/Library/Java/JavaVirtualMachines/jdk1.8.0_121.jdk/Contents/Home/jre"/>
    <property name="basedir" value="/Users/jili/practice/ycycqwedding"/>
    <property name="file.separator" value="/"/>
    <property name="line.separator" value="&#10;"/>
    <property name="java.vm.specification.vendor" value="Oracle Corporation"/>
    <property name="java.specification.name" value="Java Platform API Specification"/>
    <property name="java.awt.graphicsenv" value="sun.awt.CGraphicsEnvironment"/>
    <property name="surefire.real.class.path" value="/Users/jili/practice/ycycqwedding/target/surefire/surefirebooter4932396979745464695.jar"/>
    <property name="sun.boot.class.path" value="/Library/Java/JavaVirtualMachines/jdk1.8.0_121.jdk/Contents/Home/jre/lib/resources.jar:/Library/Java/JavaVirtualMachines/jdk1.8.0_121.jdk/Contents/Home/jre/lib/rt.jar:/Library/Java/JavaVirtualMachines/jdk1.8.0_121.jdk/Contents/Home/jre/lib/sunrsasign.jar:/Library/Java/JavaVirtualMachines/jdk1.8.0_121.jdk/Contents/Home/jre/lib/jsse.jar:/Library/Java/JavaVirtualMachines/jdk1.8.0_121.jdk/Contents/Home/jre/lib/jce.jar:/Library/Java/JavaVirtualMachines/jdk1.8.0_121.jdk/Contents/Home/jre/lib/charsets.jar:/Library/Java/JavaVirtualMachines/jdk1.8.0_121.jdk/Contents/Home/jre/lib/jfr.jar:/Library/Java/JavaVirtualMachines/jdk1.8.0_121.jdk/Contents/Home/jre/classes"/>
    <property name="sun.management.compiler" value="HotSpot 64-Bit Tiered Compilers"/>
    <property name="java.runtime.version" value="1.8.0_121-b13"/>
    <property name="user.name" value="jili"/>
    <property name="path.separator" value=":"/>
    <property name="os.version" value="10.13.6"/>
    <property name="java.endorsed.dirs" value="/Library/Java/JavaVirtualMachines/jdk1.8.0_121.jdk/Contents/Home/jre/lib/endorsed"/>
    <property name="java.runtime.name" value="Java(TM) SE Runtime Environment"/>
    <property name="file.encoding" value="UTF-8"/>
    <property name="java.vm.name" value="Java HotSpot(TM) 64-Bit Server VM"/>
    <property name="localRepository" value="/Users/jili/.m2/repository"/>
    <property name="java.vendor.url.bug" value="http://bugreport.sun.com/bugreport/"/>
    <property name="java.io.tmpdir" value="/var/folders/03/knxxb3qd60d7cz_3kk9p6fqr0000gn/T/"/>
    <property name="java.version" value="1.8.0_121"/>
    <property name="user.dir" value="/Users/jili/practice/ycycqwedding"/>
    <property name="os.arch" value="x86_64"/>
    <property name="java.vm.specification.name" value="Java Virtual Machine Specification"/>
    <property name="java.awt.printerjob" value="sun.lwawt.macosx.CPrinterJob"/>
    <property name="user.language.format" value="en"/>
    <property name="sun.os.patch.level" value="unknown"/>
    <property name="java.library.path" value="/Users/jili/Library/Java/Extensions:/Library/Java/Extensions:/Network/Library/Java/Extensions:/System/Library/Java/Extensions:/usr/lib/java:."/>
    <property name="java.vm.info" value="mixed mode"/>
    <property name="java.vendor" value="Oracle Corporation"/>
    <property name="java.vm.version" value="25.121-b13"/>
    <property name="java.ext.dirs" value="/Users/jili/Library/Java/Extensions:/Library/Java/JavaVirtualMachines/jdk1.8.0_121.jdk/Contents/Home/jre/lib/ext:/Library/Java/Extensions:/Network/Library/Java/Extensions:/System/Library/Java/Extensions:/usr/lib/java"/>
    <property name="sun.io.unicode.encoding" value="UnicodeBig"/>
    <property name="java.class.version" value="52.0"/>
  </properties>
  <testcase name="contextLoads" classname="io.liji.ycycqwedding.YcycqweddingApplicationTests" time="0.093"/>
</testsuite>